2022-06-21-星期二 22:10:04->安全播出计时程序运行
2022-06-21-星期二 22:10:37->安全播出计时程序运行
2022-06-21-星期二 22:12:36->安全播出计时程序运行
2022-06-21-星期二 22:13:37->安全播出计时程序运行
2022-06-21-星期二 22:14:35->安全播出计时程序运行
2022-06-21-星期二 22:17:36->安全播出计时程序运行
2022-06-21-星期二 22:18:55->安全播出计时程序运行
2022-06-21-星期二 22:20:06->安全播出计时程序运行
2022-06-22-星期三 11:18:43->安全播出计时程序运行
2022-06-22-星期三 11:19:27->安全播出计时程序运行
2022-06-22-星期三 11:24:32->安全播出计时程序运行
2022-06-22-星期三 11:24:32->安全播出计时程序运行
2022-06-22-星期三 11:24:39->退出程序
2022-06-22-星期三 11:49:08->安全播出计时程序运行
2022-06-22-星期三 11:49:08->安全播出计时程序运行
2022-06-22-星期三 11:49:16->退出程序
2022-06-22-星期三 11:53:05->安全播出计时程序运行
2022-06-22-星期三 11:53:05->安全播出计时程序运行
2022-06-22-星期三 11:53:11->退出程序
2022-06-22-星期三 11:55:55->安全播出计时程序运行
2022-06-22-星期三 11:55:56->安全播出计时程序运行
2022-06-22-星期三 11:56:01->退出程序
2022-06-22-星期三 12:00:57->安全播出计时程序运行
2022-06-22-星期三 12:00:57->安全播出计时程序运行
2022-06-22-星期三 12:01:09->退出程序
2022-06-22-星期三 12:11:06->安全播出计时程序运行
2022-06-22-星期三 12:11:07->安全播出计时程序运行
2022-06-22-星期三 12:11:13->退出程序
2022-06-22-星期三 12:12:05->安全播出计时程序运行
2022-06-22-星期三 12:12:06->安全播出计时程序运行
2022-06-22-星期三 12:12:10->退出程序
2022-06-22-星期三 12:13:37->安全播出计时程序运行
2022-06-22-星期三 12:13:38->安全播出计时程序运行
2022-06-22-星期三 12:13:45->退出程序
2022-06-22-星期三 12:17:34->安全播出计时程序运行
2022-06-22-星期三 12:17:35->安全播出计时程序运行
2022-06-22-星期三 12:44:27->安全播出计时程序运行
2022-06-22-星期三 12:44:28->安全播出计时程序运行
2022-06-22-星期三 12:44:32->退出程序
2022-06-22-星期三 12:44:38->安全播出计时程序运行
2022-06-22-星期三 12:44:38->安全播出计时程序运行
2022-06-22-星期三 12:44:43->退出程序
2022-06-22-星期三 12:45:00->安全播出计时程序运行
2022-06-22-星期三 12:45:01->安全播出计时程序运行
2022-06-22-星期三 12:45:10->退出程序
2022-06-22-星期三 12:48:18->安全播出计时程序运行
2022-06-22-星期三 12:48:19->安全播出计时程序运行
2022-06-22-星期三 12:48:32->退出程序
2022-06-22-星期三 12:49:59->安全播出计时程序运行
2022-06-22-星期三 12:49:59->安全播出计时程序运行
2022-06-22-星期三 12:50:03->退出程序
2022-06-22-星期三 12:50:37->安全播出计时程序运行
2022-06-22-星期三 12:50:37->安全播出计时程序运行
2022-06-22-星期三 12:50:55->退出程序
2022-06-22-星期三 12:52:35->安全播出计时程序运行
2022-06-22-星期三 12:52:35->安全播出计时程序运行
2022-06-22-星期三 12:52:45->退出程序
2022-06-22-星期三 12:53:33->安全播出计时程序运行
2022-06-22-星期三 12:53:33->安全播出计时程序运行
2022-06-22-星期三 12:53:48->退出程序
2022-06-22-星期三 12:56:30->安全播出计时程序运行
2022-06-22-星期三 12:56:30->安全播出计时程序运行
2022-06-22-星期三 12:56:41->退出程序
2022-06-22-星期三 12:59:32->安全播出计时程序运行
2022-06-22-星期三 12:59:32->安全播出计时程序运行
2022-06-22-星期三 12:59:47->退出程序
2022-06-22-星期三 12:59:58->安全播出计时程序运行
2022-06-22-星期三 12:59:58->安全播出计时程序运行
2022-06-22-星期三 13:00:04->退出程序
2022-06-22-星期三 13:00:28->安全播出计时程序运行
2022-06-22-星期三 13:00:28->安全播出计时程序运行
2022-06-22-星期三 13:00:36->退出程序
2022-06-22-星期三 13:00:50->安全播出计时程序运行
2022-06-22-星期三 13:00:50->安全播出计时程序运行
2022-06-22-星期三 13:00:55->退出程序
2022-06-22-星期三 13:01:07->安全播出计时程序运行
2022-06-22-星期三 13:01:07->安全播出计时程序运行
2022-06-22-星期三 13:01:14->退出程序
2022-06-22-星期三 13:01:27->安全播出计时程序运行
2022-06-22-星期三 13:01:27->安全播出计时程序运行
2022-06-22-星期三 13:04:58->退出程序
2022-06-22-星期三 13:05:13->安全播出计时程序运行
2022-06-22-星期三 13:05:13->安全播出计时程序运行
2022-06-22-星期三 13:05:23->退出程序
2022-06-22-星期三 13:06:13->安全播出计时程序运行
2022-06-22-星期三 13:06:14->安全播出计时程序运行
2022-06-22-星期三 13:06:19->退出程序
2022-06-22-星期三 13:07:09->安全播出计时程序运行
2022-06-22-星期三 13:07:10->安全播出计时程序运行
2022-06-22-星期三 13:07:14->退出程序
2022-06-22-星期三 13:07:35->安全播出计时程序运行
2022-06-22-星期三 13:07:35->安全播出计时程序运行
2022-06-22-星期三 13:07:39->退出程序
2022-06-22-星期三 13:08:00->安全播出计时程序运行
2022-06-22-星期三 13:08:00->安全播出计时程序运行
2022-06-22-星期三 13:08:05->退出程序
2022-06-22-星期三 13:08:28->安全播出计时程序运行
2022-06-22-星期三 13:08:28->安全播出计时程序运行
2022-06-22-星期三 13:08:44->退出程序
2022-06-22-星期三 13:09:07->安全播出计时程序运行
2022-06-22-星期三 13:09:08->安全播出计时程序运行
2022-06-22-星期三 13:09:16->退出程序
2022-06-22-星期三 13:11:41->安全播出计时程序运行
2022-06-22-星期三 13:11:41->安全播出计时程序运行
2022-06-22-星期三 13:11:52->退出程序
2022-06-22-星期三 13:12:03->安全播出计时程序运行
2022-06-22-星期三 13:12:04->安全播出计时程序运行
2022-06-22-星期三 13:12:17->退出程序
2022-06-22-星期三 13:12:39->安全播出计时程序运行
2022-06-22-星期三 13:12:39->安全播出计时程序运行
2022-06-22-星期三 13:14:28->退出程序
2022-06-22-星期三 13:23:45->安全播出计时程序运行
2022-06-22-星期三 13:23:45->安全播出计时程序运行
2022-06-22-星期三 13:23:54->退出程序
2022-06-22-星期三 13:24:03->安全播出计时程序运行
2022-06-22-星期三 13:24:03->安全播出计时程序运行
2022-06-22-星期三 13:24:16->退出程序
2022-06-22-星期三 13:38:22->安全播出计时程序运行
2022-06-22-星期三 13:38:23->安全播出计时程序运行
2022-06-22-星期三 13:39:14->退出程序
2022-06-22-星期三 13:48:09->安全播出计时程序运行
2022-06-22-星期三 13:48:09->安全播出计时程序运行
2022-06-22-星期三 13:48:35->退出程序
2022-06-22-星期三 13:55:05->安全播出计时程序运行
2022-06-22-星期三 13:55:05->安全播出计时程序运行
2022-06-22-星期三 13:55:10->开始时间 = 2022-06-22-星期三 13:55:07,主文本 = 安全播出无事故累计,计时精度 = 秒钟
2022-06-22-星期三 13:56:03->退出程序
2022-06-22-星期三 13:56:12->退出程序
2022-06-22-星期三 13:59:27->安全播出计时程序运行
2022-06-22-星期三 13:59:27->安全播出计时程序运行
2022-06-22-星期三 13:59:41->退出程序
2022-06-22-星期三 14:00:22->安全播出计时程序运行
2022-06-22-星期三 14:00:23->安全播出计时程序运行
2022-06-22-星期三 14:00:31->退出程序
2022-06-22-星期三 14:11:19->安全播出计时程序运行
2022-06-22-星期三 14:11:19->安全播出计时程序运行
2022-06-22-星期三 14:11:48->退出程序
2022-06-22-星期三 14:16:38->安全播出计时程序运行
2022-06-22-星期三 14:16:38->安全播出计时程序运行
2022-06-22-星期三 14:16:52->退出程序
2022-06-22-星期三 14:20:41->安全播出计时程序运行
2022-06-22-星期三 14:20:42->安全播出计时程序运行
2022-06-22-星期三 14:21:13->退出程序
2022-06-22-星期三 14:32:18->安全播出计时程序运行
2022-06-22-星期三 14:32:18->安全播出计时程序运行
2022-06-22-星期三 14:33:12->安全播出计时程序运行
2022-06-22-星期三 14:33:12->安全播出计时程序运行
2022-06-22-星期三 14:33:44->退出程序
2022-06-22-星期三 15:42:09->安全播出计时程序运行
2022-06-22-星期三 15:42:09->安全播出计时程序运行
2022-06-22-星期三 15:42:24->退出程序
2022-06-22-星期三 15:47:22->安全播出计时程序运行
2022-06-22-星期三 15:47:23->安全播出计时程序运行
2022-06-22-星期三 15:47:44->退出程序
2022-06-22-星期三 15:48:04->安全播出计时程序运行
2022-06-22-星期三 15:48:04->安全播出计时程序运行
2022-06-22-星期三 15:48:25->退出程序
2022-06-22-星期三 16:05:14->安全播出计时程序运行
2022-06-22-星期三 16:05:14->安全播出计时程序运行
2022-06-22-星期三 16:10:14->退出程序
2022-06-22-星期三 16:13:55->安全播出计时程序运行
2022-06-22-星期三 16:13:56->安全播出计时程序运行
2022-06-22-星期三 16:14:11->退出程序
2022-06-22-星期三 16:17:34->安全播出计时程序运行
2022-06-22-星期三 16:17:34->安全播出计时程序运行
2022-06-22-星期三 16:18:09->退出程序
2022-06-22-星期三 16:25:46->安全播出计时程序运行
2022-06-22-星期三 16:25:47->安全播出计时程序运行
2022-06-22-星期三 16:26:03->退出程序
2022-06-22-星期三 16:35:55->安全播出计时程序运行
2022-06-22-星期三 16:35:56->安全播出计时程序运行
2022-06-22-星期三 16:36:30->退出程序
2022-06-22-星期三 18:17:05->安全播出计时程序运行
2022-06-22-星期三 18:17:06->安全播出计时程序运行
2022-06-22-星期三 18:17:20->退出程序
2022-06-22-星期三 18:22:05->安全播出计时程序运行
2022-06-22-星期三 18:22:06->安全播出计时程序运行
2022-06-22-星期三 18:22:19->退出程序
2022-06-22-星期三 18:32:03->安全播出计时程序运行
2022-06-22-星期三 18:32:04->安全播出计时程序运行
2022-06-22-星期三 18:32:07->开始时间 = 2022-06-22-星期三 18:32:05,主文本 = 安全播出无事故累计,计时精度 = 秒钟
2022-06-22-星期三 18:32:16->退出程序
2022-06-22-星期三 18:33:04->安全播出计时程序运行
2022-06-22-星期三 18:33:05->安全播出计时程序运行
2022-06-22-星期三 18:33:07->开始时间 = 2022-06-22-星期三 18:33:06,主文本 = 安全播出无事故累计,计时精度 = 秒钟
2022-06-22-星期三 18:33:16->退出程序
2022-06-22-星期三 19:28:06->安全播出计时程序运行
2022-06-22-星期三 19:28:07->安全播出计时程序运行
2022-06-22-星期三 19:28:40->开始时间 = 2022-06-22-星期三 19:28:08,主文本 = 安全播出无事故累计,计时精度 = 秒钟
2022-06-22-星期三 19:28:58->退出程序
2022-06-22-星期三 19:29:31->安全播出计时程序运行
2022-06-22-星期三 19:29:31->安全播出计时程序运行
2022-06-22-星期三 19:29:45->开始时间 = 2022-06-22-星期三 19:29:33,主文本 = 安全播出无事故累计,计时精度 = 秒钟
2022-06-22-星期三 19:30:38->退出程序
2022-06-22-星期三 19:36:01->安全播出计时程序运行
2022-06-22-星期三 19:36:01->安全播出计时程序运行
2022-06-22-星期三 19:36:04->开始时间 = 2022-06-22-星期三 19:36:03,主文本 = 安全播出无事故累计,计时精度 = 秒钟
2022-06-22-星期三 19:36:14->退出程序
2022-06-22-星期三 19:39:04->安全播出计时程序运行
2022-06-22-星期三 19:39:05->安全播出计时程序运行
2022-06-22-星期三 19:39:09->开始时间 = 2022-06-22-星期三 19:39:06,主文本 = 安全播出无事故累计,计时精度 = 秒钟
2022-06-22-星期三 19:39:21->退出程序
2022-06-22-星期三 19:40:08->安全播出计时程序运行
2022-06-22-星期三 19:40:09->安全播出计时程序运行
2022-06-22-星期三 19:40:17->开始时间 = 2022-06-22-星期三 19:40:10,主文本 = 安全播出无事故累计,计时精度 = 秒钟
2022-06-22-星期三 19:40:41->退出程序
2022-06-22-星期三 19:43:50->安全播出计时程序运行
2022-06-22-星期三 19:43:50->安全播出计时程序运行
2022-06-22-星期三 19:43:53->开始时间 = 2022-06-22-星期三 19:43:51,主文本 = 安全播出无事故累计,计时精度 = 秒钟
2022-06-22-星期三 19:44:04->退出程序
2022-06-22-星期三 19:44:18->安全播出计时程序运行
2022-06-22-星期三 19:44:18->安全播出计时程序运行
2022-06-22-星期三 19:44:21->开始时间 = 2022-06-22-星期三 19:44:20,主文本 = 安全播出无事故累计,计时精度 = 秒钟
2022-06-22-星期三 19:44:26->退出程序
2022-06-22-星期三 19:45:39->安全播出计时程序运行
2022-06-22-星期三 19:45:39->安全播出计时程序运行
2022-06-22-星期三 19:45:42->开始时间 = 2022-06-22-星期三 19:45:41,主文本 = 安全播出无事故累计,计时精度 = 秒钟
2022-06-22-星期三 19:45:56->退出程序
2022-06-22-星期三 19:46:27->安全播出计时程序运行
2022-06-22-星期三 19:46:28->安全播出计时程序运行
2022-06-22-星期三 19:46:30->开始时间 = 2022-06-22-星期三 19:46:29,主文本 = 安全播出无事故累计,计时精度 = 秒钟
2022-06-22-星期三 19:46:35->退出程序
2022-06-22-星期三 19:47:25->安全播出计时程序运行
2022-06-22-星期三 19:47:25->安全播出计时程序运行
2022-06-22-星期三 19:47:30->开始时间 = 2022-06-22-星期三 19:47:27,主文本 = 安全播出无事故累计,计时精度 = 秒钟
2022-06-22-星期三 19:47:38->退出程序
2022-06-22-星期三 19:47:51->安全播出计时程序运行
2022-06-22-星期三 19:47:51->安全播出计时程序运行
2022-06-22-星期三 19:48:00->开始时间 = 2022-06-22-星期三 19:47:52,主文本 = 安全播出无事故累计,计时精度 = 秒钟
2022-06-22-星期三 19:50:17->安全播出计时程序运行
2022-06-22-星期三 19:50:18->安全播出计时程序运行
2022-06-22-星期三 19:50:21->开始时间 = 2022-06-22-星期三 19:50:19,主文本 = 安全播出无事故累计,计时精度 = 秒钟
2022-06-22-星期三 19:52:25->安全播出计时程序运行
2022-06-22-星期三 19:52:25->安全播出计时程序运行
2022-06-22-星期三 19:52:37->开始时间 = 2022-06-22-星期三 19:52:27,主文本 = 安全播出无事故累计,计时精度 = 秒钟
2022-06-22-星期三 19:53:16->退出程序
2022-06-22-星期三 19:54:10->安全播出计时程序运行
2022-06-22-星期三 19:54:10->安全播出计时程序运行
2022-06-22-星期三 19:54:16->开始时间 = 2022-06-22-星期三 19:54:12,主文本 = 安全播出无事故累计,计时精度 = 秒钟
2022-06-22-星期三 19:54:30->开始时间 = 2022-06-22-星期三 19:54:12,主文本 = 安全播出无事故累计,计时精度 = 秒钟
2022-06-22-星期三 19:54:59->退出程序
2022-06-22-星期三 19:57:16->安全播出计时程序运行
2022-06-22-星期三 19:57:17->安全播出计时程序运行
2022-06-22-星期三 19:57:19->开始时间 = 2022-06-22-星期三 19:57:18,主文本 = 安全播出无事故累计,计时精度 = 秒钟
2022-06-22-星期三 19:57:32->退出程序
2022-06-22-星期三 19:57:55->安全播出计时程序运行
2022-06-22-星期三 19:57:56->安全播出计时程序运行
2022-06-22-星期三 19:58:04->开始时间 = 2022-06-22-星期三 19:57:57,主文本 = 安全播出无事故累计,计时精度 = 秒钟
2022-06-22-星期三 19:58:24->开始时间 = 2022-06-22-星期三 19:57:57,主文本 = 安全播出无事故累计,计时精度 = 秒钟
2022-06-22-星期三 19:58:29->退出程序
2022-06-22-星期三 19:58:47->安全播出计时程序运行
2022-06-22-星期三 19:58:48->安全播出计时程序运行
2022-06-22-星期三 19:58:50->开始时间 = 2022-06-22-星期三 19:58:49,主文本 = 安全播出无事故累计,计时精度 = 秒钟
2022-06-22-星期三 19:59:03->退出程序
2022-06-22-星期三 19:59:24->安全播出计时程序运行
2022-06-22-星期三 19:59:24->安全播出计时程序运行
2022-06-22-星期三 19:59:28->退出程序
2022-06-22-星期三 19:59:57->安全播出计时程序运行
2022-06-22-星期三 19:59:57->安全播出计时程序运行
2022-06-22-星期三 20:00:00->开始时间 = 2022-06-22-星期三 19:59:58,主文本 = 安全播出无事故累计,计时精度 = 秒钟
2022-06-22-星期三 20:00:24->退出程序
2022-06-22-星期三 20:01:25->安全播出计时程序运行
2022-06-22-星期三 20:01:25->安全播出计时程序运行
2022-06-22-星期三 20:01:28->开始时间 = 2022-06-22-星期三 20:01:26,主文本 = 安全播出无事故累计,计时精度 = 秒钟
2022-06-22-星期三 20:01:38->退出程序
2022-06-22-星期三 20:01:49->安全播出计时程序运行
2022-06-22-星期三 20:01:50->安全播出计时程序运行
2022-06-22-星期三 20:01:54->开始时间 = 2022-06-22-星期三 20:01:51,主文本 = 安全播出无事故累计,计时精度 = 秒钟
2022-06-22-星期三 20:02:15->退出程序
2022-06-22-星期三 20:03:19->安全播出计时程序运行
2022-06-22-星期三 20:03:19->安全播出计时程序运行
2022-06-22-星期三 20:03:22->开始时间 = 2022-06-22-星期三 20:03:21,主文本 = 安全播出无事故累计,计时精度 = 秒钟
2022-06-22-星期三 20:03:30->退出程序
2022-06-22-星期三 20:03:40->安全播出计时程序运行
2022-06-22-星期三 20:03:40->安全播出计时程序运行
2022-06-22-星期三 20:03:43->开始时间 = 2022-06-22-星期三 20:03:42,主文本 = 安全播出无事故累计,计时精度 = 秒钟
2022-06-22-星期三 20:03:47->退出程序
2022-06-22-星期三 20:15:04->安全播出计时程序运行
2022-06-22-星期三 20:15:04->安全播出计时程序运行
2022-06-22-星期三 20:15:07->开始时间 = 2022-06-22-星期三 20:15:06,主文本 = 安全播出无事故累计,计时精度 = 秒钟
2022-06-22-星期三 20:15:15->退出程序
2022-06-22-星期三 20:21:19->安全播出计时程序运行
2022-06-22-星期三 20:21:19->安全播出计时程序运行
2022-06-22-星期三 20:21:33->开始时间 = 2022-06-22-星期三 20:21:20,主文本 = 安全播出无事故累计,计时精度 = 秒钟
2022-06-22-星期三 20:22:21->退出程序
2022-06-22-星期三 20:22:42->安全播出计时程序运行
2022-06-22-星期三 20:22:42->安全播出计时程序运行
2022-06-22-星期三 20:22:53->开始时间 = 2022-06-22-星期三 20:22:43,主文本 = 安全播出无事故累计,计时精度 = 秒钟
2022-06-22-星期三 20:23:10->退出程序
2022-06-22-星期三 20:32:10->安全播出计时程序运行
2022-06-22-星期三 20:32:11->安全播出计时程序运行
2022-06-22-星期三 20:32:14->退出程序
2022-06-22-星期三 20:35:52->安全播出计时程序运行
2022-06-22-星期三 20:35:52->安全播出计时程序运行
2022-06-22-星期三 20:35:55->开始时间 = 2022-06-22-星期三 20:35:54,主文本 = 安全播出无事故累计,计时精度 = 秒钟
2022-06-22-星期三 20:37:13->退出程序
2022-06-22-星期三 20:38:35->安全播出计时程序运行
2022-06-22-星期三 20:38:35->安全播出计时程序运行
2022-06-22-星期三 20:38:38->开始时间 = 2022-06-22-星期三 20:38:37,主文本 = 安全播出无事故累计,计时精度 = 秒钟
2022-06-22-星期三 20:38:44->退出程序
2022-06-22-星期三 20:43:42->安全播出计时程序运行
2022-06-22-星期三 20:43:42->安全播出计时程序运行
2022-06-22-星期三 20:43:47->开始时间 = 2022-06-22-星期三 20:43:43,主文本 = 安全播出无事故累计,计时精度 = 秒钟
2022-06-22-星期三 20:44:17->退出程序
2022-06-22-星期三 20:45:30->安全播出计时程序运行
2022-06-22-星期三 20:45:31->安全播出计时程序运行
2022-06-22-星期三 20:45:33->开始时间 = 2022-06-22-星期三 20:45:32,主文本 = 安全播出无事故累计,计时精度 = 秒钟
2022-06-22-星期三 20:45:47->退出程序
2022-06-22-星期三 20:46:00->安全播出计时程序运行
2022-06-22-星期三 20:46:00->安全播出计时程序运行
2022-06-22-星期三 20:46:03->开始时间 = 2022-06-22-星期三 20:46:02,主文本 = 安全播出无事故累计,计时精度 = 秒钟
2022-06-22-星期三 20:46:59->开始时间 = 2018-01-30-星期二 4:46:02,主文本 = 安全播出无事故累计,计时精度 = 秒钟
2022-06-22-星期三 20:48:32->退出程序
2022-06-22-星期三 20:49:28->安全播出计时程序运行
2022-06-22-星期三 20:49:28->安全播出计时程序运行
2022-06-22-星期三 20:49:34->开始时间 = 2022-06-22-星期三 20:49:30,主文本 = 安全播出无事故累计,计时精度 = 秒钟
2022-06-22-星期三 20:49:41->退出程序
2022-06-22-星期三 20:52:29->安全播出计时程序运行
2022-06-22-星期三 20:52:30->安全播出计时程序运行
2022-06-22-星期三 20:52:32->开始时间 = 2022-06-22-星期三 20:52:31,主文本 = 安全播出无事故累计,计时精度 = 秒钟
2022-06-22-星期三 20:53:39->开始时间 = 2022-06-22-星期三 20:52:31,主文本 = 安全播出无事故累计,计时精度 = 秒钟
2022-06-22-星期三 20:54:21->退出程序
2022-06-22-星期三 20:57:21->安全播出计时程序运行
2022-06-22-星期三 20:57:21->安全播出计时程序运行
2022-06-22-星期三 20:57:31->开始时间 = 2022-06-22-星期三 20:57:23,主文本 = 安全播出无事故累计,计时精度 = 秒钟
2022-06-22-星期三 20:59:04->安全播出计时程序运行
2022-06-22-星期三 20:59:05->安全播出计时程序运行
2022-06-22-星期三 20:59:17->开始时间 = 2022-06-22-星期三 20:59:06,主文本 = 安全播出无事故累计,计时精度 = 秒钟
2022-06-22-星期三 21:00:18->退出程序
2022-06-22-星期三 21:00:37->安全播出计时程序运行
2022-06-22-星期三 21:00:38->安全播出计时程序运行
2022-06-22-星期三 21:00:49->开始时间 = 2022-06-22-星期三 21:00:39,主文本 = 安全播出无事故累计,计时精度 = 秒钟
2022-06-22-星期三 21:01:24->退出程序
2022-06-22-星期三 21:01:49->安全播出计时程序运行
2022-06-22-星期三 21:01:50->安全播出计时程序运行
2022-06-22-星期三 21:01:58->开始时间 = 2022-06-22-星期三 21:01:51,主文本 = 安全播出无事故累计,计时精度 = 秒钟
2022-06-22-星期三 21:02:42->开始时间 = 2022-06-22-星期三 21:01:51,主文本 = 安全播出无事故累计,计时精度 = 秒钟
2022-06-22-星期三 21:12:06->安全播出计时程序运行
2022-06-22-星期三 21:12:06->安全播出计时程序运行
2022-06-22-星期三 21:12:36->开始时间 = 2022-06-22-星期三 21:12:08,主文本 = 安全播出无事故累计,计时精度 = 分钟
2022-06-22-星期三 21:13:09->退出程序
2022-06-22-星期三 21:13:55->安全播出计时程序运行
2022-06-22-星期三 21:13:56->安全播出计时程序运行
2022-06-22-星期三 21:14:06->开始时间 = 2022-06-22-星期三 21:13:57,主文本 = 安全播出无事故累计,计时精度 = 秒钟
2022-06-22-星期三 21:14:17->退出程序
2022-06-22-星期三 21:19:42->安全播出计时程序运行
2022-06-22-星期三 21:19:43->安全播出计时程序运行
2022-06-22-星期三 21:19:55->开始时间 = 2022-06-22-星期三 21:19:44,主文本 = 安全播出无事故累计,计时精度 = 秒钟
2022-06-22-星期三 21:20:24->退出程序
2022-06-22-星期三 21:21:09->安全播出计时程序运行
2022-06-22-星期三 21:21:10->安全播出计时程序运行
2022-06-22-星期三 21:21:30->开始时间 = 2022-06-22-星期三 21:21:11,主文本 = 安全播出无事故累计,计时精度 = 秒钟
2022-06-22-星期三 21:21:50->退出程序
2022-06-22-星期三 21:23:24->安全播出计时程序运行
2022-06-22-星期三 21:23:24->安全播出计时程序运行
2022-06-22-星期三 21:23:36->开始时间 = 2022-06-22-星期三 21:23:26,主文本 = 安全播出无事故累计,计时精度 = 秒钟
2022-06-22-星期三 21:24:07->退出程序
2022-06-22-星期三 21:24:34->安全播出计时程序运行
2022-06-22-星期三 21:24:35->安全播出计时程序运行
2022-06-22-星期三 21:24:45->开始时间 = 2022-06-22-星期三 21:24:36,主文本 = 安全播出无事故累计,计时精度 = 秒钟
2022-06-22-星期三 21:25:22->退出程序
2022-06-22-星期三 21:26:11->安全播出计时程序运行
2022-06-22-星期三 21:26:11->安全播出计时程序运行
2022-06-22-星期三 21:26:19->开始时间 = 2022-06-22-星期三 21:26:12,主文本 = 安全播出无事故累计,计时精度 = 秒钟
2022-06-22-星期三 21:26:33->退出程序
2022-06-22-星期三 21:28:40->安全播出计时程序运行
2022-06-22-星期三 21:28:40->安全播出计时程序运行
2022-06-22-星期三 21:28:50->开始时间 = 2022-06-22-星期三 21:28:42,主文本 = 安全播出无事故累计,计时精度 = 秒钟
2022-06-22-星期三 21:29:15->退出程序
2022-06-22-星期三 21:30:24->安全播出计时程序运行
2022-06-22-星期三 21:30:25->安全播出计时程序运行
2022-06-22-星期三 21:30:34->开始时间 = 2022-06-22-星期三 21:30:26,主文本 = 安全播出无事故累计,计时精度 = 秒钟
2022-06-22-星期三 21:30:46->退出程序
2022-06-22-星期三 21:31:17->安全播出计时程序运行
2022-06-22-星期三 21:31:18->安全播出计时程序运行
2022-06-22-星期三 21:31:26->开始时间 = 2022-06-22-星期三 21:31:19,主文本 = 安全播出无事故累计,计时精度 = 秒钟
2022-06-22-星期三 21:31:47->退出程序
2022-06-22-星期三 21:32:16->安全播出计时程序运行
2022-06-22-星期三 21:32:17->安全播出计时程序运行
2022-06-22-星期三 21:32:36->开始时间 = 2022-06-22-星期三 21:32:18,主文本 = 安全播出无事故累计,计时精度 = 秒钟
2022-06-22-星期三 21:33:09->退出程序
2022-06-22-星期三 21:33:23->安全播出计时程序运行
2022-06-22-星期三 21:33:23->安全播出计时程序运行
2022-06-22-星期三 21:33:37->开始时间 = 2022-06-22-星期三 21:33:25,主文本 = 安全播出无事故累计,计时精度 = 秒钟
2022-06-22-星期三 21:33:51->退出程序
2022-06-22-星期三 21:34:32->安全播出计时程序运行
2022-06-22-星期三 21:34:32->安全播出计时程序运行
2022-06-22-星期三 21:34:45->开始时间 = 2022-06-22-星期三 21:34:34,主文本 = 安全播出无事故累计,计时精度 = 秒钟
2022-06-22-星期三 21:37:33->退出程序
2022-06-22-星期三 21:39:12->安全播出计时程序运行
2022-06-22-星期三 21:39:12->安全播出计时程序运行
2022-06-22-星期三 21:39:17->开始时间 = 2022-06-22-星期三 21:39:14,主文本 = 安全播出无事故累计,计时精度 = 秒钟
2022-06-22-星期三 21:39:39->退出程序
2022-06-22-星期三 21:44:05->安全播出计时程序运行
2022-06-22-星期三 21:44:06->安全播出计时程序运行
2022-06-22-星期三 21:44:14->开始时间 = 2022-06-22-星期三 21:44:07,主文本 = 安全播出无事故累计,计时精度 = 秒钟
2022-06-22-星期三 21:44:31->退出程序
2022-06-22-星期三 21:45:15->安全播出计时程序运行
2022-06-22-星期三 21:45:16->安全播出计时程序运行
2022-06-22-星期三 21:45:23->开始时间 = 2022-06-22-星期三 21:45:17,主文本 = 安全播出无事故累计,计时精度 = 秒钟
2022-06-22-星期三 21:45:58->退出程序
2022-06-22-星期三 21:46:21->安全播出计时程序运行
2022-06-22-星期三 21:46:21->安全播出计时程序运行
2022-06-22-星期三 21:46:28->开始时间 = 2022-06-22-星期三 21:46:23,主文本 = 安全播出无事故累计,计时精度 = 秒钟
2022-06-22-星期三 21:46:49->退出程序
2022-06-22-星期三 21:48:11->安全播出计时程序运行
2022-06-22-星期三 21:48:11->安全播出计时程序运行
2022-06-22-星期三 21:48:19->开始时间 = 2022-06-22-星期三 21:48:13,主文本 = 安全播出无事故累计,计时精度 = 秒钟
2022-06-22-星期三 21:48:41->退出程序
2022-06-23-星期四 8:53:15->安全播出计时程序运行
2022-06-23-星期四 8:53:16->安全播出计时程序运行
2022-06-23-星期四 8:54:56->开始时间 = 2022-06-23-星期四 8:53:16,主文本 = 安全播出无事故累计,计时精度 = 秒钟
2022-06-23-星期四 8:55:19->退出程序
2022-06-23-星期四 9:04:52->安全播出计时程序运行
2022-06-23-星期四 9:04:52->安全播出计时程序运行
2022-06-23-星期四 9:05:08->开始时间 = 2022-06-23-星期四 9:04:53,主文本 = 安全播出无事故累计,计时精度 = 秒钟
2022-06-23-星期四 9:05:45->退出程序
2022-06-23-星期四 9:11:37->安全播出计时程序运行
2022-06-23-星期四 9:11:37->安全播出计时程序运行
2022-06-23-星期四 9:11:48->开始时间 = 2022-06-23-星期四 9:11:38,主文本 = 安全播出无事故累计,计时精度 = 秒钟
2022-06-23-星期四 9:12:52->开始时间 = 2022-06-23-星期四 9:11:38,主文本 = 安全播出无事故累计,计时精度 = 秒钟
2022-06-23-星期四 9:12:54->开始时间 = 2022-06-23-星期四 9:11:38,主文本 = 安全播出无事故累计,计时精度 = 秒钟
2022-06-23-星期四 9:12:55->开始时间 = 2022-06-23-星期四 9:11:38,主文本 = 安全播出无事故累计,计时精度 = 秒钟
2022-06-23-星期四 9:12:58->开始时间 = 2022-06-23-星期四 9:11:38,主文本 = 安全播出无事故累计,计时精度 = 秒钟
2022-06-23-星期四 9:13:28->退出程序
2022-06-23-星期四 9:16:54->安全播出计时程序运行
2022-06-23-星期四 9:16:54->安全播出计时程序运行
2022-06-23-星期四 9:17:45->开始时间 = 2022-06-23-星期四 9:16:55,主文本 = 安全播出无事故累计,计时精度 = 秒钟
2022-06-23-星期四 9:18:26->退出程序
2022-06-23-星期四 9:21:28->安全播出计时程序运行
2022-06-23-星期四 9:21:28->安全播出计时程序运行
2022-06-23-星期四 9:22:00->开始时间 = 2022-06-23-星期四 9:21:29,主文本 = 安全播出无事故累计,计时精度 = 秒钟
2022-06-23-星期四 9:23:05->退出程序
2022-06-23-星期四 9:31:49->安全播出计时程序运行
2022-06-23-星期四 9:31:49->安全播出计时程序运行
2022-06-23-星期四 9:32:08->开始时间 = 2022-06-23-星期四 9:31:50,主文本 = 安全播出无事故累计,计时精度 = 秒钟
2022-06-23-星期四 9:32:37->退出程序
2022-06-23-星期四 9:33:33->安全播出计时程序运行
2022-06-23-星期四 9:33:34->安全播出计时程序运行
2022-06-23-星期四 9:33:45->开始时间 = 2022-06-23-星期四 9:33:35,主文本 = 安全播出无事故累计,计时精度 = 秒钟
2022-06-23-星期四 9:34:02->退出程序
2022-06-23-星期四 9:34:33->安全播出计时程序运行
2022-06-23-星期四 9:34:34->安全播出计时程序运行
2022-06-23-星期四 9:34:43->开始时间 = 2022-06-23-星期四 9:34:35,主文本 = 安全播出无事故累计,计时精度 = 秒钟
2022-06-23-星期四 9:35:42->退出程序
2022-06-23-星期四 9:37:46->安全播出计时程序运行
2022-06-23-星期四 9:37:46->安全播出计时程序运行
2022-06-23-星期四 9:38:12->退出程序
2022-06-23-星期四 9:38:28->安全播出计时程序运行
2022-06-23-星期四 9:38:29->安全播出计时程序运行
2022-06-23-星期四 9:38:42->退出程序
2022-06-23-星期四 9:40:11->安全播出计时程序运行
2022-06-23-星期四 9:40:12->安全播出计时程序运行
2022-06-23-星期四 9:40:14->开始时间 = 2022-06-23-星期四 9:40:13,主文本 = 安全播出无事故累计,计时精度 = 秒钟
2022-06-23-星期四 9:40:21->退出程序
2022-06-23-星期四 10:30:52->安全播出计时程序运行
2022-06-23-星期四 10:30:52->安全播出计时程序运行
2022-06-23-星期四 10:30:55->开始时间 = 2022-06-23-星期四 10:30:53,主文本 = 安全播出无事故累计,计时精度 = 秒钟
2022-06-23-星期四 10:31:20->退出程序
2022-06-23-星期四 10:36:47->安全播出计时程序运行
2022-06-23-星期四 10:36:48->安全播出计时程序运行
2022-06-23-星期四 10:36:51->开始时间 = 2022-06-23-星期四 10:36:49,主文本 = 安全播出无事故累计,计时精度 = 秒钟
2022-06-23-星期四 10:37:10->退出程序
2022-06-24-星期五 12:23:07->安全播出计时程序运行
2022-06-24-星期五 12:23:07->安全播出计时程序运行
2022-06-24-星期五 12:23:18->退出程序
2022-06-24-星期五 12:37:25->安全播出计时程序运行
2022-06-24-星期五 12:37:25->安全播出计时程序运行
2022-06-24-星期五 12:37:38->退出程序
2022-06-24-星期五 12:37:52->安全播出计时程序运行
2022-06-24-星期五 12:37:52->安全播出计时程序运行
2022-06-24-星期五 12:37:56->退出程序
2022-06-24-星期五 12:40:37->安全播出计时程序运行
2022-06-24-星期五 12:40:37->安全播出计时程序运行
2022-06-24-星期五 12:40:55->退出程序
2022-06-24-星期五 16:04:16->安全播出计时程序运行
2022-06-24-星期五 16:04:16->安全播出计时程序运行
2022-06-24-星期五 16:04:25->退出程序
2022-06-24-星期五 16:05:19->安全播出计时程序运行
2022-06-24-星期五 16:05:19->安全播出计时程序运行
2022-06-24-星期五 16:05:30->退出程序
2022-06-24-星期五 16:11:14->安全播出计时程序运行
2022-06-24-星期五 16:11:15->安全播出计时程序运行
2022-06-24-星期五 16:11:33->退出程序
2022-06-24-星期五 16:16:30->安全播出计时程序运行
2022-06-24-星期五 16:16:30->安全播出计时程序运行
2022-06-24-星期五 16:17:23->退出程序
2022-06-24-星期五 16:18:22->安全播出计时程序运行
2022-06-24-星期五 16:18:22->安全播出计时程序运行
2022-06-24-星期五 16:19:14->退出程序
2022-06-24-星期五 16:19:39->安全播出计时程序运行
2022-06-24-星期五 16:19:39->安全播出计时程序运行
2022-06-24-星期五 16:19:44->退出程序
2022-06-24-星期五 16:20:51->安全播出计时程序运行
2022-06-24-星期五 16:20:52->安全播出计时程序运行
2022-06-24-星期五 16:21:16->退出程序
2022-06-24-星期五 16:21:49->安全播出计时程序运行
2022-06-24-星期五 16:21:49->安全播出计时程序运行
2022-06-24-星期五 16:22:21->退出程序
2022-06-24-星期五 16:23:08->安全播出计时程序运行
2022-06-24-星期五 16:23:08->安全播出计时程序运行
2022-06-24-星期五 16:23:25->退出程序
2022-06-24-星期五 16:24:27->安全播出计时程序运行
2022-06-24-星期五 16:24:27->安全播出计时程序运行
2022-06-24-星期五 16:24:37->退出程序
2022-06-24-星期五 16:27:26->安全播出计时程序运行
2022-06-24-星期五 16:27:27->安全播出计时程序运行
2022-06-24-星期五 16:32:00->安全播出计时程序运行
2022-06-24-星期五 16:32:00->安全播出计时程序运行
2022-06-24-星期五 16:32:15->退出程序
2022-06-24-星期五 16:38:02->安全播出计时程序运行
2022-06-24-星期五 16:38:03->安全播出计时程序运行
2022-06-24-星期五 16:38:26->退出程序
2022-06-24-星期五 16:39:09->安全播出计时程序运行
2022-06-24-星期五 16:39:09->安全播出计时程序运行
2022-06-24-星期五 16:39:17->退出程序
2022-06-24-星期五 16:39:35->安全播出计时程序运行
2022-06-24-星期五 16:39:35->安全播出计时程序运行
2022-06-24-星期五 16:39:40->退出程序
2022-06-24-星期五 16:39:50->安全播出计时程序运行
2022-06-24-星期五 16:39:51->安全播出计时程序运行
2022-06-24-星期五 16:40:05->退出程序
2022-06-24-星期五 16:41:03->安全播出计时程序运行
2022-06-24-星期五 16:41:03->安全播出计时程序运行
2022-06-24-星期五 16:41:39->退出程序
2022-06-24-星期五 16:45:21->安全播出计时程序运行
2022-06-24-星期五 16:45:21->安全播出计时程序运行
2022-06-24-星期五 16:45:43->退出程序
2022-06-24-星期五 16:48:39->安全播出计时程序运行
2022-06-24-星期五 16:48:39->安全播出计时程序运行
2022-06-24-星期五 16:48:53->退出程序
2022-06-24-星期五 16:49:33->安全播出计时程序运行
2022-06-24-星期五 16:49:33->安全播出计时程序运行
2022-06-24-星期五 16:49:42->退出程序
2022-06-24-星期五 16:49:51->安全播出计时程序运行
2022-06-24-星期五 16:49:52->安全播出计时程序运行
2022-06-24-星期五 16:49:58->退出程序
2022-06-24-星期五 16:53:06->安全播出计时程序运行
2022-06-24-星期五 16:53:06->安全播出计时程序运行
2022-06-24-星期五 16:53:23->退出程序
2022-06-24-星期五 16:53:56->安全播出计时程序运行
2022-06-24-星期五 16:53:57->安全播出计时程序运行
2022-06-24-星期五 16:54:19->退出程序
2022-06-24-星期五 16:54:22->退出程序
2022-06-24-星期五 16:54:42->安全播出计时程序运行
2022-06-24-星期五 16:54:42->安全播出计时程序运行
2022-06-24-星期五 16:55:05->退出程序
2022-06-24-星期五 16:55:26->安全播出计时程序运行
2022-06-24-星期五 16:55:26->安全播出计时程序运行
2022-06-24-星期五 16:55:42->退出程序
2022-06-24-星期五 16:57:26->安全播出计时程序运行
2022-06-24-星期五 16:57:26->安全播出计时程序运行
2022-06-24-星期五 16:57:43->退出程序
2022-06-24-星期五 17:03:47->安全播出计时程序运行
2022-06-24-星期五 17:03:47->安全播出计时程序运行
2022-06-24-星期五 17:04:18->退出程序
2022-06-24-星期五 17:24:25->安全播出计时程序运行
2022-06-24-星期五 17:24:25->安全播出计时程序运行
2022-06-24-星期五 17:25:02->退出程序
2022-06-24-星期五 17:25:38->安全播出计时程序运行
2022-06-24-星期五 17:25:39->安全播出计时程序运行
2022-06-24-星期五 17:26:18->退出程序
2022-06-24-星期五 17:26:46->安全播出计时程序运行
2022-06-24-星期五 17:26:47->安全播出计时程序运行
2022-06-24-星期五 17:27:13->退出程序
2022-06-24-星期五 17:32:26->安全播出计时程序运行
2022-06-24-星期五 17:32:27->安全播出计时程序运行
2022-06-24-星期五 17:32:55->退出程序
2022-06-24-星期五 17:34:43->安全播出计时程序运行
2022-06-24-星期五 17:34:43->安全播出计时程序运行
2022-06-24-星期五 17:35:08->退出程序
2022-06-24-星期五 17:38:08->安全播出计时程序运行
2022-06-24-星期五 17:38:09->安全播出计时程序运行
2022-06-24-星期五 17:38:22->退出程序
2022-06-24-星期五 17:42:01->安全播出计时程序运行
2022-06-24-星期五 17:42:02->安全播出计时程序运行
2022-06-24-星期五 17:42:59->退出程序
2022-06-24-星期五 17:43:40->安全播出计时程序运行
2022-06-24-星期五 17:43:40->安全播出计时程序运行
2022-06-24-星期五 17:44:36->退出程序
2022-06-24-星期五 17:47:23->安全播出计时程序运行
2022-06-24-星期五 17:47:23->安全播出计时程序运行
2022-06-24-星期五 17:47:28->开始时间 = 2022-06-24-星期五 17:47:25,主文本 = 安全播出无事故累计,计时精度 = 秒钟
2022-06-24-星期五 17:47:35->退出程序
2022-06-24-星期五 17:47:41->安全播出计时程序运行
2022-06-24-星期五 17:47:42->安全播出计时程序运行
2022-06-24-星期五 17:47:45->开始时间 = 2022-06-24-星期五 17:47:43,主文本 = 安全播出无事故累计,计时精度 = 秒钟
2022-06-24-星期五 17:47:54->退出程序
2022-06-24-星期五 17:48:06->安全播出计时程序运行
2022-06-24-星期五 17:48:06->安全播出计时程序运行
2022-06-24-星期五 17:48:09->开始时间 = 2022-06-24-星期五 17:48:08,主文本 = 安全播出无事故累计,计时精度 = 秒钟
2022-06-24-星期五 17:48:20->退出程序
2022-06-24-星期五 17:48:23->退出程序
2022-06-24-星期五 17:48:31->安全播出计时程序运行
2022-06-24-星期五 17:48:32->安全播出计时程序运行
2022-06-24-星期五 17:48:36->开始时间 = 2022-06-24-星期五 17:48:33,主文本 = 安全播出无事故累计,计时精度 = 秒钟
2022-06-24-星期五 17:49:07->退出程序
2022-06-24-星期五 18:44:11->安全播出计时程序运行
2022-06-24-星期五 18:44:12->安全播出计时程序运行
2022-06-24-星期五 18:44:29->退出程序
2022-06-24-星期五 18:44:37->安全播出计时程序运行
2022-06-24-星期五 18:44:37->安全播出计时程序运行
2022-06-24-星期五 18:44:59->退出程序
2022-06-24-星期五 18:45:17->安全播出计时程序运行
2022-06-24-星期五 18:45:17->安全播出计时程序运行
2022-06-24-星期五 18:45:34->退出程序
2022-06-24-星期五 18:49:11->安全播出计时程序运行
2022-06-24-星期五 18:49:11->安全播出计时程序运行
2022-06-24-星期五 18:49:38->退出程序
2022-06-24-星期五 18:49:55->安全播出计时程序运行
2022-06-24-星期五 18:49:55->安全播出计时程序运行
2022-06-24-星期五 18:50:44->退出程序
2022-06-24-星期五 18:51:53->安全播出计时程序运行
2022-06-24-星期五 18:51:53->安全播出计时程序运行
2022-06-24-星期五 18:52:57->退出程序
2022-06-24-星期五 18:55:03->安全播出计时程序运行
2022-06-24-星期五 18:55:03->安全播出计时程序运行
2022-06-24-星期五 18:55:10->退出程序
2022-06-24-星期五 18:56:28->安全播出计时程序运行
2022-06-24-星期五 18:56:28->安全播出计时程序运行
2022-06-24-星期五 18:56:47->退出程序
2022-06-24-星期五 18:57:36->安全播出计时程序运行
2022-06-24-星期五 18:57:36->安全播出计时程序运行
2022-06-24-星期五 18:57:58->退出程序
2022-06-24-星期五 18:58:55->安全播出计时程序运行
2022-06-24-星期五 18:58:55->安全播出计时程序运行
2022-06-24-星期五 18:59:14->退出程序
2022-06-24-星期五 18:59:52->安全播出计时程序运行
2022-06-24-星期五 18:59:52->安全播出计时程序运行
2022-06-24-星期五 19:00:12->退出程序
2022-06-24-星期五 19:00:39->安全播出计时程序运行
2022-06-24-星期五 19:00:40->安全播出计时程序运行
2022-06-24-星期五 19:00:52->退出程序
2022-06-24-星期五 19:06:14->安全播出计时程序运行
2022-06-24-星期五 19:06:15->安全播出计时程序运行
2022-06-24-星期五 19:06:30->退出程序
2022-06-24-星期五 19:20:44->安全播出计时程序运行
2022-06-24-星期五 19:20:45->安全播出计时程序运行
2022-06-24-星期五 19:21:42->退出程序
2022-06-24-星期五 19:22:19->安全播出计时程序运行
2022-06-24-星期五 19:22:19->安全播出计时程序运行
2022-06-24-星期五 19:23:35->退出程序
2022-06-24-星期五 19:57:08->安全播出计时程序运行
2022-06-24-星期五 19:57:08->安全播出计时程序运行
2022-06-24-星期五 19:57:46->退出程序
2022-06-24-星期五 19:59:49->安全播出计时程序运行
2022-06-24-星期五 19:59:49->安全播出计时程序运行
2022-06-24-星期五 20:00:27->退出程序
2022-06-24-星期五 20:00:33->退出程序
2022-06-24-星期五 20:02:20->安全播出计时程序运行
2022-06-24-星期五 20:02:20->安全播出计时程序运行
2022-06-24-星期五 20:02:24->退出程序
2022-06-24-星期五 20:03:51->安全播出计时程序运行
2022-06-24-星期五 20:03:51->安全播出计时程序运行
2022-06-24-星期五 20:05:04->安全播出计时程序运行
2022-06-24-星期五 20:05:05->安全播出计时程序运行
2022-06-24-星期五 20:05:51->退出程序
2022-06-24-星期五 20:05:54->退出程序
2022-06-24-星期五 20:07:28->安全播出计时程序运行
2022-06-24-星期五 20:07:28->安全播出计时程序运行
2022-06-24-星期五 20:08:21->退出程序
2022-06-24-星期五 20:48:58->安全播出计时程序运行
2022-06-24-星期五 20:48:58->安全播出计时程序运行
2022-06-24-星期五 20:50:02->退出程序
2022-06-24-星期五 20:54:25->安全播出计时程序运行
2022-06-24-星期五 20:54:25->安全播出计时程序运行
2022-06-24-星期五 21:05:38->退出程序
2022-06-24-星期五 21:09:43->安全播出计时程序运行
2022-06-24-星期五 21:09:44->安全播出计时程序运行
2022-06-24-星期五 21:10:04->退出程序
2022-06-24-星期五 21:10:28->安全播出计时程序运行
2022-06-24-星期五 21:10:29->安全播出计时程序运行
2022-06-24-星期五 21:10:52->退出程序
2022-06-24-星期五 21:13:46->安全播出计时程序运行
2022-06-24-星期五 21:13:46->安全播出计时程序运行
2022-06-24-星期五 21:13:49->开始时间 = 2022-06-24-星期五 21:13:48,主文本 = 安全播出无事故累计,计时精度 = 秒钟
2022-06-24-星期五 21:14:15->退出程序
2022-06-24-星期五 21:15:38->安全播出计时程序运行
2022-06-24-星期五 21:15:39->安全播出计时程序运行
2022-06-24-星期五 21:15:56->退出程序
2022-06-24-星期五 21:20:37->安全播出计时程序运行
2022-06-24-星期五 21:20:38->安全播出计时程序运行
2022-06-24-星期五 21:20:44->退出程序
2022-06-24-星期五 21:26:47->安全播出计时程序运行
2022-06-24-星期五 21:26:48->安全播出计时程序运行
2022-06-24-星期五 21:27:19->退出程序
2022-06-24-星期五 21:27:35->安全播出计时程序运行
2022-06-24-星期五 21:27:35->安全播出计时程序运行
2022-06-24-星期五 21:27:46->退出程序
2022-06-24-星期五 21:30:28->安全播出计时程序运行
2022-06-24-星期五 21:30:28->安全播出计时程序运行
2022-06-24-星期五 21:30:50->开始时间 = 2022-06-24-星期五 21:30:30,主文本 = 安全播出无事故累计,计时精度 = 秒钟
2022-06-24-星期五 21:31:16->退出程序
2022-06-24-星期五 23:41:17->安全播出计时程序运行
2022-06-24-星期五 23:41:18->安全播出计时程序运行
2022-06-24-星期五 23:41:37->开始时间 = 2022-06-24-星期五 23:41:19,主文本 = 安全播出无事故累计,计时精度 = 秒钟
2022-06-24-星期五 23:44:55->安全播出计时程序运行
2022-06-24-星期五 23:44:56->安全播出计时程序运行
2022-06-24-星期五 23:45:06->开始时间 = 2022-06-24-星期五 23:44:57,主文本 = 安全播出无事故累计,计时精度 = 秒钟
2022-06-24-星期五 23:45:43->安全播出计时程序运行
2022-06-24-星期五 23:45:44->安全播出计时程序运行
2022-06-24-星期五 23:45:47->退出程序
2022-06-24-星期五 23:45:59->安全播出计时程序运行
2022-06-24-星期五 23:45:59->安全播出计时程序运行
2022-06-24-星期五 23:46:13->开始时间 = 2022-06-24-星期五 23:46:01,主文本 = 安全播出无事故累计,计时精度 = 秒钟
2022-06-24-星期五 23:47:39->安全播出计时程序运行
2022-06-24-星期五 23:47:40->安全播出计时程序运行
2022-06-24-星期五 23:47:57->开始时间 = 2022-06-24-星期五 23:47:41,主文本 = 安全播出无事故累计,计时精度 = 秒钟
2022-06-24-星期五 23:55:08->安全播出计时程序运行
2022-06-24-星期五 23:55:08->安全播出计时程序运行
2022-06-24-星期五 23:55:23->开始时间 = 2022-06-24-星期五 23:55:10,主文本 = 安全播出无事故累计,计时精度 = 秒钟
2022-06-24-星期五 23:55:34->安全播出计时程序运行
2022-06-24-星期五 23:55:35->安全播出计时程序运行
2022-06-24-星期五 23:55:48->开始时间 = 2022-06-24-星期五 23:55:36,主文本 = 安全播出无事故累计,计时精度 = 秒钟
2022-06-24-星期五 23:56:28->退出程序
2022-06-24-星期五 23:56:57->安全播出计时程序运行
2022-06-24-星期五 23:56:58->安全播出计时程序运行
2022-06-24-星期五 23:57:09->开始时间 = 2022-06-24-星期五 23:56:59,主文本 = 安全播出无事故累计,计时精度 = 秒钟
2022-06-24-星期五 23:57:40->开始时间 = 2022-06-24-星期五 23:56:59,主文本 = 安全播出无事故累计,计时精度 = 秒钟
2022-06-24-星期五 23:58:13->退出程序
2022-06-24-星期五 23:58:21->安全播出计时程序运行
2022-06-24-星期五 23:58:21->安全播出计时程序运行
2022-06-24-星期五 23:58:30->开始时间 = 2022-06-24-星期五 23:58:23,主文本 = 安全播出无事故累计,计时精度 = 秒钟
2022-06-24-星期五 23:58:45->退出程序
2022-06-25-星期六 12:19:15->安全播出计时程序运行
2022-06-25-星期六 12:19:15->安全播出计时程序运行
2022-06-25-星期六 12:20:01->退出程序
2022-06-25-星期六 12:25:52->安全播出计时程序运行
2022-06-25-星期六 12:25:53->安全播出计时程序运行
2022-06-25-星期六 12:25:56->开始时间 = 2022-06-25-星期六 12:25:54,主文本 = 安全播出无事故累计,计时精度 = 秒钟
2022-06-25-星期六 12:26:09->退出程序
2022-06-25-星期六 12:52:24->安全播出计时程序运行
2022-06-25-星期六 12:52:24->安全播出计时程序运行
2022-06-25-星期六 12:52:30->开始时间 = 2022-06-25-星期六 12:52:25,主文本 = 安全播出无事故累计,计时精度 = 秒钟
2022-06-25-星期六 12:52:35->退出程序
2022-06-25-星期六 12:53:21->安全播出计时程序运行
2022-06-25-星期六 12:53:21->安全播出计时程序运行
2022-06-25-星期六 12:53:35->开始时间 = 2022-06-25-星期六 12:53:22,主文本 = 安全播出无事故累计,计时精度 = 秒钟
2022-06-25-星期六 12:54:20->退出程序
2022-06-25-星期六 12:55:43->安全播出计时程序运行
2022-06-25-星期六 12:55:44->安全播出计时程序运行
2022-06-25-星期六 12:56:00->开始时间 = 2022-06-25-星期六 12:55:45,主文本 = 安全播出无事故累计,计时精度 = 秒钟
2022-06-25-星期六 12:56:25->退出程序
2022-06-25-星期六 12:57:59->安全播出计时程序运行
2022-06-25-星期六 12:58:00->安全播出计时程序运行
2022-06-25-星期六 12:58:11->开始时间 = 2022-06-25-星期六 12:58:01,主文本 = 安全播出无事故累计,计时精度 = 秒钟
2022-06-25-星期六 12:58:29->退出程序
2022-06-25-星期六 12:59:17->安全播出计时程序运行
2022-06-25-星期六 12:59:18->安全播出计时程序运行
2022-06-25-星期六 12:59:22->退出程序
2022-06-25-星期六 12:59:28->安全播出计时程序运行
2022-06-25-星期六 12:59:28->安全播出计时程序运行
2022-06-25-星期六 12:59:31->退出程序
2022-06-25-星期六 13:01:06->安全播出计时程序运行
2022-06-25-星期六 13:01:06->安全播出计时程序运行
2022-06-25-星期六 13:01:12->开始时间 = 2022-06-25-星期六 13:01:07,主文本 = 安全播出无事故累计,计时精度 = 秒钟
2022-06-25-星期六 13:02:02->退出程序
2022-06-25-星期六 13:02:50->安全播出计时程序运行
2022-06-25-星期六 13:02:50->安全播出计时程序运行
2022-06-25-星期六 13:03:00->开始时间 = 2022-06-25-星期六 13:02:51,主文本 = 安全播出无事故累计,计时精度 = 秒钟
2022-06-25-星期六 13:03:31->退出程序
2022-06-25-星期六 13:04:24->安全播出计时程序运行
2022-06-25-星期六 13:04:25->安全播出计时程序运行
2022-06-25-星期六 13:04:32->开始时间 = 2022-06-25-星期六 13:04:26,主文本 = 安全播出无事故累计,计时精度 = 秒钟
2022-06-25-星期六 13:04:42->退出程序
2022-06-25-星期六 13:04:57->安全播出计时程序运行
2022-06-25-星期六 13:04:57->安全播出计时程序运行
2022-06-25-星期六 13:05:05->开始时间 = 2022-06-25-星期六 13:04:58,主文本 = 安全播出无事故累计,计时精度 = 秒钟
2022-06-25-星期六 13:06:59->安全播出计时程序运行
2022-06-25-星期六 13:07:00->安全播出计时程序运行
2022-06-25-星期六 13:07:06->开始时间 = 2022-06-25-星期六 13:07:01,主文本 = 安全播出无事故累计,计时精度 = 秒钟
2022-06-25-星期六 13:07:22->开始时间 = 2022-06-25-星期六 13:07:01,主文本 = 安全播出无事故累计,计时精度 = 秒钟
2022-06-25-星期六 13:07:32->开始时间 = 2022-06-25-星期六 13:07:01,主文本 = 安全播出无事故累计,计时精度 = 秒钟
2022-06-25-星期六 13:16:09->安全播出计时程序运行
2022-06-25-星期六 13:16:10->安全播出计时程序运行
2022-06-25-星期六 13:16:13->开始时间 = 2022-06-25-星期六 13:16:11,主文本 = 安全播出无事故累计,计时精度 = 秒钟
2022-06-25-星期六 13:16:32->开始时间 = 2022-06-25-星期六 13:16:11,主文本 = 安全播出无事故累计,计时精度 = 秒钟
2022-06-25-星期六 13:16:48->开始时间 = 2022-06-25-星期六 13:16:11,主文本 = 安全播出无事故累计,计时精度 = 秒钟
2022-06-25-星期六 13:19:45->安全播出计时程序运行
2022-06-25-星期六 13:19:45->安全播出计时程序运行
2022-06-25-星期六 13:19:52->开始时间 = 2022-06-25-星期六 13:19:46,主文本 = 安全播出无事故累计,计时精度 = 秒钟
2022-06-25-星期六 13:22:35->安全播出计时程序运行
2022-06-25-星期六 13:22:35->安全播出计时程序运行
2022-06-25-星期六 13:22:41->开始时间 = 2022-06-25-星期六 13:22:36,主文本 = 安全播出无事故累计,计时精度 = 秒钟
2022-06-25-星期六 13:22:53->开始时间 = 2022-06-25-星期六 13:22:36,主文本 = 安全播出无事故累计,计时精度 = 秒钟
2022-06-25-星期六 13:23:35->安全播出计时程序运行
2022-06-25-星期六 13:23:36->安全播出计时程序运行
2022-06-25-星期六 13:23:42->开始时间 = 2022-06-25-星期六 13:23:37,主文本 = 安全播出无事故累计,计时精度 = 秒钟
2022-06-25-星期六 13:27:05->安全播出计时程序运行
2022-06-25-星期六 13:27:06->安全播出计时程序运行
2022-06-25-星期六 13:27:09->开始时间 = 2022-06-25-星期六 13:27:07,主文本 = 安全播出无事故累计,计时精度 = 秒钟
2022-06-25-星期六 13:27:22->安全播出计时程序运行
2022-06-25-星期六 13:27:22->安全播出计时程序运行
2022-06-25-星期六 13:27:28->开始时间 = 2022-06-25-星期六 13:27:23,主文本 = 安全播出无事故累计,计时精度 = 秒钟
2022-06-25-星期六 13:27:33->开始时间 = 2022-06-25-星期六 13:27:23,主文本 = 安全播出无事故累计,计时精度 = 秒钟
2022-06-25-星期六 13:28:14->退出程序
2022-06-25-星期六 13:30:53->安全播出计时程序运行
2022-06-25-星期六 13:30:53->安全播出计时程序运行
2022-06-25-星期六 13:30:59->开始时间 = 2022-06-25-星期六 13:30:55,主文本 = 安全播出无事故累计,计时精度 = 秒钟
2022-06-25-星期六 13:31:04->开始时间 = 2022-06-25-星期六 13:30:55,主文本 = 安全播出无事故累计,计时精度 = 秒钟
2022-06-25-星期六 13:31:12->退出程序
2022-06-25-星期六 13:31:20->安全播出计时程序运行
2022-06-25-星期六 13:31:21->安全播出计时程序运行
2022-06-25-星期六 13:31:24->开始时间 = 2022-06-25-星期六 13:31:21,主文本 = 安全播出无事故累计,计时精度 = 秒钟
2022-06-25-星期六 13:31:30->开始时间 = 2022-06-25-星期六 13:31:21,主文本 = 安全播出无事故累计,计时精度 = 秒钟
2022-06-25-星期六 13:31:33->开始时间 = 2022-06-25-星期六 13:31:21,主文本 = 安全播出无事故累计,计时精度 = 秒钟
2022-06-25-星期六 13:31:53->开始时间 = 2022-06-25-星期六 13:31:21,主文本 = 安全播出无事故累计,计时精度 = 秒钟
2022-06-25-星期六 13:31:58->开始时间 = 2022-06-25-星期六 13:31:21,主文本 = 安全播出无事故累计,计时精度 = 秒钟
2022-06-25-星期六 13:32:17->开始时间 = 2022-06-25-星期六 13:31:21,主文本 = 安全播出无事故累计,计时精度 = 秒钟
2022-06-25-星期六 13:32:41->开始时间 = 2022-06-25-星期六 13:31:21,主文本 = 安全播出无事故累计,计时精度 = 秒钟
2022-06-25-星期六 13:35:40->安全播出计时程序运行
2022-06-25-星期六 13:35:41->安全播出计时程序运行
2022-06-25-星期六 13:36:11->开始时间 = 2022-06-25-星期六 13:35:42,主文本 = 安全播出无事故累计,计时精度 = 秒钟
2022-06-25-星期六 13:37:16->退出程序
2022-06-25-星期六 13:37:47->安全播出计时程序运行
2022-06-25-星期六 13:37:48->安全播出计时程序运行
2022-06-25-星期六 13:37:57->开始时间 = 2022-06-25-星期六 13:37:49,主文本 = 安全播出无事故累计,计时精度 = 秒钟
2022-06-25-星期六 13:38:18->开始时间 = 2022-06-25-星期六 13:37:49,主文本 = 安全播出无事故累计,计时精度 = 秒钟
2022-06-25-星期六 13:38:29->开始时间 = 2022-06-25-星期六 13:37:49,主文本 = 安全播出无事故累计,计时精度 = 秒钟
2022-06-25-星期六 13:38:36->开始时间 = 2022-06-25-星期六 13:37:49,主文本 = 安全播出无事故累计,计时精度 = 秒钟
2022-06-25-星期六 13:39:40->开始时间 = 2022-06-25-星期六 13:37:49,主文本 = 安全播出无事故累计,计时精度 = 秒钟
2022-06-25-星期六 13:39:48->退出程序
2022-06-25-星期六 13:40:56->安全播出计时程序运行
2022-06-25-星期六 13:40:57->安全播出计时程序运行
2022-06-25-星期六 13:41:05->开始时间 = 2022-06-25-星期六 13:40:58,主文本 = 安全播出无事故累计,计时精度 = 秒钟
2022-06-25-星期六 13:41:27->开始时间 = 2022-06-25-星期六 13:40:58,主文本 = 安全播出无事故累计,计时精度 = 秒钟
2022-06-25-星期六 13:41:52->退出程序
2022-06-25-星期六 13:42:22->安全播出计时程序运行
2022-06-25-星期六 13:42:23->安全播出计时程序运行
2022-06-25-星期六 13:42:36->开始时间 = 2022-06-25-星期六 13:42:24,主文本 = 安全播出无事故累计,计时精度 = 秒钟
2022-06-25-星期六 13:42:58->开始时间 = 2022-06-25-星期六 13:42:24,主文本 = 安全播出无事故累计,计时精度 = 秒钟
2022-06-25-星期六 13:43:18->开始时间 = 2022-06-25-星期六 13:42:24,主文本 = 安全播出无事故累计,计时精度 = 秒钟
2022-06-25-星期六 13:43:27->退出程序
2022-06-25-星期六 13:56:33->安全播出计时程序运行
2022-06-25-星期六 13:56:33->安全播出计时程序运行
2022-06-25-星期六 13:57:05->开始时间 = 2022-06-25-星期六 13:56:34,主文本 = 安全播出无事故累计,计时精度 = 秒钟
2022-06-25-星期六 13:57:32->安全播出计时程序运行
2022-06-25-星期六 13:57:32->安全播出计时程序运行
2022-06-25-星期六 13:57:56->开始时间 = 2022-06-25-星期六 13:57:33,主文本 = 安全播出无事故累计,计时精度 = 秒钟
2022-06-25-星期六 13:58:50->退出程序
2022-06-25-星期六 14:00:45->安全播出计时程序运行
2022-06-25-星期六 14:00:46->安全播出计时程序运行
2022-06-25-星期六 14:01:07->开始时间 = 2022-06-25-星期六 14:00:47,主文本 = 安全播出无事故累计,计时精度 = 秒钟
2022-06-25-星期六 14:03:29->退出程序
2022-06-25-星期六 14:03:37->安全播出计时程序运行
2022-06-25-星期六 14:03:37->安全播出计时程序运行
2022-06-25-星期六 14:03:46->开始时间 = 2022-06-25-星期六 14:03:38,主文本 = 安全播出无事故累计,计时精度 = 秒钟
2022-06-25-星期六 14:04:17->开始时间 = 2022-06-25-星期六 14:03:38,主文本 = 安全播出无事故累计,计时精度 = 秒钟
2022-06-25-星期六 14:04:40->退出程序
2022-06-25-星期六 14:04:43->安全播出计时程序运行
2022-06-25-星期六 14:04:43->安全播出计时程序运行
2022-06-25-星期六 14:04:56->退出程序
2022-06-25-星期六 14:07:42->安全播出计时程序运行
2022-06-25-星期六 14:07:42->安全播出计时程序运行
2022-06-25-星期六 14:07:56->开始时间 = 2022-06-25-星期六 14:07:44,主文本 = 安全播出无事故累计,计时精度 = 秒钟
2022-06-25-星期六 14:08:23->退出程序
2022-06-25-星期六 14:08:53->安全播出计时程序运行
2022-06-25-星期六 14:08:53->安全播出计时程序运行
2022-06-25-星期六 14:09:03->开始时间 = 2022-06-25-星期六 14:08:54,主文本 = 安全播出无事故累计,计时精度 = 秒钟
2022-06-25-星期六 14:09:22->退出程序
2022-06-25-星期六 14:12:04->安全播出计时程序运行
2022-06-25-星期六 14:12:04->安全播出计时程序运行
2022-06-25-星期六 14:12:08->退出程序
2022-06-25-星期六 14:12:16->安全播出计时程序运行
2022-06-25-星期六 14:12:16->安全播出计时程序运行
2022-06-25-星期六 14:12:43->开始时间 = 2022-06-25-星期六 14:12:18,主文本 = 安全播出无事故累计,计时精度 = 秒钟
2022-06-25-星期六 14:13:22->安全播出计时程序运行
2022-06-25-星期六 14:13:22->安全播出计时程序运行
2022-06-25-星期六 14:13:36->开始时间 = 2022-06-25-星期六 14:13:23,主文本 = 安全播出无事故累计,计时精度 = 秒钟
2022-06-25-星期六 14:14:23->安全播出计时程序运行
2022-06-25-星期六 14:14:23->安全播出计时程序运行
2022-06-25-星期六 14:14:56->开始时间 = 2022-06-25-星期六 14:14:24,主文本 = 安全播出无事故累计,计时精度 = 秒钟
2022-06-25-星期六 14:15:49->安全播出计时程序运行
2022-06-25-星期六 14:15:49->安全播出计时程序运行
2022-06-25-星期六 14:15:58->开始时间 = 2022-06-25-星期六 14:15:50,主文本 = 安全播出无事故累计,计时精度 = 秒钟
2022-06-25-星期六 14:16:39->安全播出计时程序运行
2022-06-25-星期六 14:16:40->安全播出计时程序运行
2022-06-25-星期六 14:16:48->开始时间 = 2022-06-25-星期六 14:16:41,主文本 = 安全播出无事故累计,计时精度 = 秒钟
2022-06-25-星期六 14:18:21->退出程序
2022-06-25-星期六 14:20:13->安全播出计时程序运行
2022-06-25-星期六 14:20:14->安全播出计时程序运行
2022-06-25-星期六 14:20:26->开始时间 = 2022-06-25-星期六 14:20:15,主文本 = 安全播出无事故累计,计时精度 = 秒钟
2022-06-25-星期六 14:21:20->安全播出计时程序运行
2022-06-25-星期六 14:21:21->安全播出计时程序运行
2022-06-25-星期六 14:21:33->开始时间 = 2022-06-25-星期六 14:21:22,主文本 = 安全播出无事故累计,计时精度 = 秒钟
2022-06-25-星期六 14:22:48->安全播出计时程序运行
2022-06-25-星期六 14:22:49->安全播出计时程序运行
2022-06-25-星期六 14:22:59->开始时间 = 2022-06-25-星期六 14:22:50,主文本 = 安全播出无事故累计,计时精度 = 秒钟
2022-06-25-星期六 14:24:04->退出程序
2022-06-25-星期六 14:24:27->安全播出计时程序运行
2022-06-25-星期六 14:24:28->安全播出计时程序运行
2022-06-25-星期六 14:24:38->开始时间 = 2022-06-25-星期六 14:24:29,主文本 = 安全播出无事故累计,计时精度 = 秒钟
2022-06-25-星期六 14:24:57->退出程序
2022-06-25-星期六 15:02:11->安全播出计时程序运行
2022-06-25-星期六 15:02:11->安全播出计时程序运行
2022-06-25-星期六 15:02:16->开始时间 = 2022-06-25-星期六 15:02:12,主文本 = 安全播出无事故累计,计时精度 = 秒钟
2022-06-25-星期六 15:03:04->安全播出计时程序运行
2022-06-25-星期六 15:03:04->安全播出计时程序运行
2022-06-25-星期六 15:03:07->开始时间 = 2022-06-25-星期六 15:03:05,主文本 = 安全播出无事故累计,计时精度 = 秒钟
2022-06-25-星期六 15:03:52->安全播出计时程序运行
2022-06-25-星期六 15:03:53->安全播出计时程序运行
2022-06-25-星期六 15:03:55->开始时间 = 2022-06-25-星期六 15:03:54,主文本 = 安全播出无事故累计,计时精度 = 秒钟
2022-06-25-星期六 15:04:01->退出程序
2022-06-25-星期六 15:07:03->安全播出计时程序运行
2022-06-25-星期六 15:07:04->安全播出计时程序运行
2022-06-25-星期六 15:07:07->开始时间 = 2022-06-25-星期六 15:07:05,主文本 = 安全播出无事故累计,计时精度 = 秒钟
2022-06-25-星期六 15:07:16->退出程序
2022-06-25-星期六 15:07:43->安全播出计时程序运行
2022-06-25-星期六 15:07:43->安全播出计时程序运行
2022-06-25-星期六 15:07:47->开始时间 = 2022-06-25-星期六 15:07:45,主文本 = 安全播出无事故累计,计时精度 = 秒钟
2022-06-25-星期六 15:07:57->退出程序
2022-06-25-星期六 15:08:56->安全播出计时程序运行
2022-06-25-星期六 15:08:56->安全播出计时程序运行
2022-06-25-星期六 15:08:59->开始时间 = 2022-06-25-星期六 15:08:58,主文本 = 安全播出无事故累计,计时精度 = 秒钟
2022-06-25-星期六 15:09:07->退出程序
2022-06-25-星期六 15:09:16->安全播出计时程序运行
2022-06-25-星期六 15:09:17->安全播出计时程序运行
2022-06-25-星期六 15:09:20->开始时间 = 2022-06-25-星期六 15:09:18,主文本 = 安全播出无事故累计,计时精度 = 秒钟
2022-06-25-星期六 15:09:24->退出程序
2022-06-25-星期六 15:59:17->安全播出计时程序运行
2022-06-25-星期六 15:59:18->安全播出计时程序运行
2022-06-25-星期六 15:59:21->开始时间 = 2022-06-25-星期六 15:59:19,主文本 = 安全播出无事故累计,计时精度 = 秒钟
2022-06-25-星期六 16:00:53->安全播出计时程序运行
2022-06-25-星期六 16:00:53->安全播出计时程序运行
2022-06-25-星期六 16:00:56->开始时间 = 2022-06-25-星期六 16:00:54,主文本 = 安全播出无事故累计,计时精度 = 秒钟
2022-06-25-星期六 16:03:50->安全播出计时程序运行
2022-06-25-星期六 16:03:50->安全播出计时程序运行
2022-06-25-星期六 16:04:08->开始时间 = 2022-06-25-星期六 16:03:51,主文本 = 安全播出无事故累计,计时精度 = 秒钟
2022-06-25-星期六 16:06:00->退出程序
2022-06-25-星期六 16:08:38->安全播出计时程序运行
2022-06-25-星期六 16:08:38->安全播出计时程序运行
2022-06-25-星期六 16:08:48->开始时间 = 2022-06-25-星期六 16:08:39,主文本 = 安全播出无事故累计,计时精度 = 秒钟
2022-06-25-星期六 16:12:31->安全播出计时程序运行
2022-06-25-星期六 16:12:31->安全播出计时程序运行
2022-06-25-星期六 16:12:43->开始时间 = 2022-06-25-星期六 16:12:32,主文本 = 安全播出无事故累计,计时精度 = 秒钟
2022-06-25-星期六 16:14:15->安全播出计时程序运行
2022-06-25-星期六 16:14:16->安全播出计时程序运行
2022-06-25-星期六 16:14:29->开始时间 = 2022-06-25-星期六 16:14:17,主文本 = 安全播出无事故累计,计时精度 = 秒钟
2022-06-25-星期六 16:20:18->退出程序
2022-06-25-星期六 16:21:35->安全播出计时程序运行
2022-06-25-星期六 16:21:35->安全播出计时程序运行
2022-06-25-星期六 16:21:58->开始时间 = 2022-06-25-星期六 16:21:36,主文本 = 安全播出无事故累计,计时精度 = 秒钟
2022-06-25-星期六 16:23:06->退出程序
2022-06-25-星期六 16:24:07->安全播出计时程序运行
2022-06-25-星期六 16:24:08->安全播出计时程序运行
2022-06-25-星期六 16:24:17->退出程序
2022-06-25-星期六 16:24:52->安全播出计时程序运行
2022-06-25-星期六 16:24:52->安全播出计时程序运行
2022-06-25-星期六 16:25:09->开始时间 = 2022-06-25-星期六 16:24:54,主文本 = 安全播出无事故累计,计时精度 = 秒钟
2022-06-25-星期六 16:25:41->退出程序
2022-06-25-星期六 16:27:17->安全播出计时程序运行
2022-06-25-星期六 16:27:18->安全播出计时程序运行
2022-06-25-星期六 16:27:45->开始时间 = 2022-06-25-星期六 16:27:19,主文本 = 安全播出无事故累计,计时精度 = 秒钟
2022-06-25-星期六 16:28:49->退出程序
2022-06-25-星期六 20:18:07->安全播出计时程序运行
2022-06-25-星期六 20:18:07->安全播出计时程序运行
2022-06-25-星期六 20:18:43->开始时间 = 2022-06-25-星期六 20:18:08,主文本 = 安全播出无事故累计,计时精度 = 秒钟
2022-06-26-星期日 7:58:05->安全播出计时程序运行
2022-06-26-星期日 7:58:06->安全播出计时程序运行
2022-06-26-星期日 7:58:24->开始时间 = 2022-06-26-星期日 7:58:07,主文本 = 安全播出无事故累计,计时精度 = 秒钟
2022-06-26-星期日 7:58:48->安全播出计时程序运行
2022-06-26-星期日 7:58:49->安全播出计时程序运行
2022-06-26-星期日 7:59:12->开始时间 = 2022-06-26-星期日 7:58:50,主文本 = 安全播出无事故累计,计时精度 = 秒钟
2022-06-26-星期日 8:00:38->退出程序
2022-06-26-星期日 8:01:33->安全播出计时程序运行
2022-06-26-星期日 8:01:34->安全播出计时程序运行
2022-06-26-星期日 8:01:38->退出程序
2022-06-26-星期日 8:02:13->安全播出计时程序运行
2022-06-26-星期日 8:02:14->安全播出计时程序运行
2022-06-25-星期六 20:23:53->开始时间 = 2022-06-26-星期日 8:02:15,主文本 = 安全播出无事故累计,计时精度 = 秒钟
2022-06-25-星期六 20:25:12->退出程序
2022-06-25-星期六 20:25:32->安全播出计时程序运行
2022-06-25-星期六 20:25:32->安全播出计时程序运行
2022-06-25-星期六 20:25:38->开始时间 = 2022-06-25-星期六 20:25:33,主文本 = 安全播出无事故累计,计时精度 = 秒钟
2022-06-25-星期六 20:25:51->退出程序
2022-06-25-星期六 20:25:59->安全播出计时程序运行
2022-06-25-星期六 20:26:00->安全播出计时程序运行
2022-06-25-星期六 20:26:06->开始时间 = 2022-06-25-星期六 20:26:01,主文本 = 安全播出无事故累计,计时精度 = 秒钟
2022-06-25-星期六 20:26:31->退出程序
2022-06-25-星期六 20:26:52->安全播出计时程序运行
2022-06-25-星期六 20:26:52->安全播出计时程序运行
2022-06-25-星期六 20:26:57->开始时间 = 2022-06-25-星期六 20:26:53,主文本 = 安全播出无事故累计,计时精度 = 秒钟
2022-06-25-星期六 20:27:06->退出程序
2022-06-25-星期六 20:27:29->安全播出计时程序运行
2022-06-25-星期六 20:27:29->安全播出计时程序运行
2022-06-25-星期六 20:27:43->开始时间 = 2022-06-25-星期六 20:27:31,主文本 = 安全播出无事故累计,计时精度 = 秒钟
2022-06-25-星期六 20:28:32->退出程序
2022-06-25-星期六 20:29:17->安全播出计时程序运行
2022-06-25-星期六 20:29:18->安全播出计时程序运行
2022-06-25-星期六 20:29:24->开始时间 = 2022-06-25-星期六 20:29:19,主文本 = 安全播出无事故累计,计时精度 = 秒钟
2022-06-25-星期六 20:29:45->退出程序
2022-06-25-星期六 20:29:57->安全播出计时程序运行
2022-06-25-星期六 20:29:57->安全播出计时程序运行
2022-06-25-星期六 20:30:00->开始时间 = 2022-06-25-星期六 20:29:58,主文本 = 安全播出无事故累计,计时精度 = 秒钟
2022-06-25-星期六 20:31:12->开始时间 = 2022-06-25-星期六 20:29:58,主文本 = 安全播出无事故累计,计时精度 = 秒钟
2022-06-25-星期六 20:31:19->开始时间 = 2022-06-25-星期六 20:29:58,主文本 = 安全播出无事故累计,计时精度 = 秒钟
2022-06-25-星期六 20:31:25->退出程序
2022-06-25-星期六 20:31:48->安全播出计时程序运行
2022-06-25-星期六 20:31:49->安全播出计时程序运行
2022-06-25-星期六 20:31:53->开始时间 = 2022-06-25-星期六 20:31:50,主文本 = 安全播出无事故累计,计时精度 = 秒钟
2022-06-25-星期六 20:32:08->开始时间 = 2022-06-25-星期六 20:31:50,主文本 = 安全播出无事故累计,计时精度 = 秒钟
2022-06-25-星期六 20:32:13->开始时间 = 2022-06-25-星期六 20:31:50,主文本 = 安全播出无事故累计,计时精度 = 秒钟
2022-06-25-星期六 20:32:18->开始时间 = 2022-06-25-星期六 20:31:50,主文本 = 安全播出无事故累计,计时精度 = 秒钟
2022-06-25-星期六 20:32:40->开始时间 = 2022-06-25-星期六 20:31:50,主文本 = 安全播出无事故累计,计时精度 = 秒钟
2022-06-25-星期六 20:32:48->开始时间 = 2022-06-25-星期六 20:31:50,主文本 = 安全播出无事故累计,计时精度 = 秒钟
2022-06-25-星期六 20:32:59->退出程序
2022-06-25-星期六 20:33:12->安全播出计时程序运行
2022-06-25-星期六 20:33:13->安全播出计时程序运行
2022-06-25-星期六 20:33:17->开始时间 = 2022-06-25-星期六 20:33:14,主文本 = 安全播出无事故累计,计时精度 = 秒钟
2022-06-25-星期六 20:33:26->开始时间 = 2022-06-25-星期六 20:33:14,主文本 = 安全播出无事故累计,计时精度 = 秒钟
2022-06-25-星期六 20:33:36->开始时间 = 2022-06-25-星期六 20:33:14,主文本 = 安全播出无事故累计,计时精度 = 秒钟
2022-06-25-星期六 20:34:38->开始时间 = 2022-06-25-星期六 20:33:14,主文本 = 安全播出无事故累计,计时精度 = 秒钟
2022-06-25-星期六 20:37:04->安全播出计时程序运行
2022-06-25-星期六 20:37:05->安全播出计时程序运行
2022-06-25-星期六 20:37:43->开始时间 = 2022-06-25-星期六 20:37:06,主文本 = 安全播出无事故累计,计时精度 = 秒钟
2022-06-25-星期六 20:38:11->开始时间 = 2022-06-25-星期六 20:37:06,主文本 = 安全播出无事故累计,计时精度 = 秒钟
2022-06-25-星期六 20:38:55->开始时间 = 2022-06-25-星期六 20:37:06,主文本 = 安全播出无事故累计,计时精度 = 秒钟
2022-06-25-星期六 20:41:32->安全播出计时程序运行
2022-06-25-星期六 20:41:32->安全播出计时程序运行
2022-06-25-星期六 20:41:35->开始时间 = 2022-06-25-星期六 20:41:33,主文本 = 安全播出无事故累计,计时精度 = 秒钟
2022-06-25-星期六 20:41:55->开始时间 = 2022-06-25-星期六 20:41:33,主文本 = 安全播出无事故累计,计时精度 = 秒钟
2022-06-25-星期六 20:43:10->安全播出计时程序运行
2022-06-25-星期六 20:43:10->安全播出计时程序运行
2022-06-25-星期六 20:43:23->开始时间 = 2022-06-25-星期六 20:43:12,主文本 = 安全播出无事故累计,计时精度 = 秒钟
2022-06-25-星期六 20:43:39->开始时间 = 2022-06-25-星期六 20:43:12,主文本 = 安全播出无事故累计,计时精度 = 秒钟
2022-06-25-星期六 20:44:42->退出程序
2022-06-25-星期六 20:44:50->安全播出计时程序运行
2022-06-25-星期六 20:44:50->安全播出计时程序运行
2022-06-25-星期六 20:45:54->开始时间 = 2022-06-25-星期六 20:44:51,主文本 = 安全播出无事故累计,计时精度 = 秒钟
2022-06-25-星期六 20:47:28->退出程序
2022-06-25-星期六 21:51:03->安全播出计时程序运行
2022-06-25-星期六 21:51:03->安全播出计时程序运行
2022-06-25-星期六 21:51:16->开始时间 = 2022-06-25-星期六 21:51:04,主文本 = 安全播出无事故累计,计时精度 = 秒钟
2022-06-25-星期六 21:51:32->退出程序
2022-06-25-星期六 21:52:12->安全播出计时程序运行
2022-06-25-星期六 21:52:13->安全播出计时程序运行
2022-06-25-星期六 21:52:25->开始时间 = 2022-06-25-星期六 21:52:14,主文本 = 安全播出无事故累计,计时精度 = 秒钟
2022-06-25-星期六 21:52:39->退出程序
2022-06-25-星期六 21:53:07->安全播出计时程序运行
2022-06-25-星期六 21:53:07->安全播出计时程序运行
2022-06-25-星期六 21:53:17->开始时间 = 2022-06-25-星期六 21:53:08,主文本 = 安全播出无事故累计,计时精度 = 秒钟
2022-06-25-星期六 21:53:25->退出程序
2022-06-25-星期六 21:54:07->安全播出计时程序运行
2022-06-25-星期六 21:54:07->安全播出计时程序运行
2022-06-25-星期六 21:54:20->开始时间 = 2022-06-25-星期六 21:54:08,主文本 = 安全播出无事故累计,计时精度 = 秒钟
2022-06-25-星期六 21:54:31->退出程序
2022-06-25-星期六 21:55:19->安全播出计时程序运行
2022-06-25-星期六 21:55:20->安全播出计时程序运行
2022-06-25-星期六 21:55:30->开始时间 = 2022-06-25-星期六 21:55:21,主文本 = 安全播出无事故累计,计时精度 = 秒钟
2022-06-25-星期六 21:55:43->退出程序
2022-06-25-星期六 22:16:23->安全播出计时程序运行
2022-06-25-星期六 22:16:24->安全播出计时程序运行
2022-06-25-星期六 22:16:41->开始时间 = 2022-06-25-星期六 22:16:25,主文本 = 安全播出无事故累计,计时精度 = 秒钟
2022-06-25-星期六 22:17:32->安全播出计时程序运行
2022-06-25-星期六 22:17:33->安全播出计时程序运行
2022-06-25-星期六 22:17:43->开始时间 = 2022-06-25-星期六 22:17:34,主文本 = 安全播出无事故累计,计时精度 = 秒钟
2022-06-25-星期六 22:18:18->安全播出计时程序运行
2022-06-25-星期六 22:18:18->安全播出计时程序运行
2022-06-25-星期六 22:18:31->开始时间 = 2022-06-25-星期六 22:18:20,主文本 = 安全播出无事故累计,计时精度 = 秒钟
2022-06-25-星期六 22:19:11->安全播出计时程序运行
2022-06-25-星期六 22:19:11->安全播出计时程序运行
2022-06-25-星期六 22:19:22->开始时间 = 2022-06-25-星期六 22:19:12,主文本 = 安全播出无事故累计,计时精度 = 秒钟
2022-06-25-星期六 22:20:14->安全播出计时程序运行
2022-06-25-星期六 22:20:14->安全播出计时程序运行
2022-06-25-星期六 22:20:27->开始时间 = 2022-06-25-星期六 22:20:15,主文本 = 安全播出无事故累计,计时精度 = 秒钟
2022-06-25-星期六 22:20:46->开始时间 = 2022-06-25-星期六 22:20:15,主文本 = 安全播出无事故累计,计时精度 = 秒钟
2022-06-25-星期六 22:21:41->安全播出计时程序运行
2022-06-25-星期六 22:21:41->安全播出计时程序运行
2022-06-25-星期六 22:21:56->开始时间 = 2022-06-25-星期六 22:21:42,主文本 = 安全播出无事故累计,计时精度 = 秒钟
2022-06-25-星期六 22:22:13->退出程序
2022-06-25-星期六 22:24:05->安全播出计时程序运行
2022-06-25-星期六 22:24:05->安全播出计时程序运行
2022-06-25-星期六 22:24:17->开始时间 = 2022-06-25-星期六 22:24:07,主文本 = 安全播出无事故累计,计时精度 = 秒钟
2022-06-25-星期六 22:24:29->退出程序
2022-06-25-星期六 22:25:01->安全播出计时程序运行
2022-06-25-星期六 22:25:01->安全播出计时程序运行
2022-06-25-星期六 22:25:18->开始时间 = 2022-06-25-星期六 22:25:02,主文本 = 安全播出无事故累计,计时精度 = 秒钟
2022-06-25-星期六 22:25:36->退出程序
2022-06-25-星期六 22:49:04->安全播出计时程序运行
2022-06-25-星期六 22:49:04->安全播出计时程序运行
2022-06-25-星期六 22:49:24->退出程序
2022-06-25-星期六 22:50:37->安全播出计时程序运行
2022-06-25-星期六 22:50:38->安全播出计时程序运行
2022-06-25-星期六 22:51:05->退出程序
2022-06-25-星期六 22:51:56->安全播出计时程序运行
2022-06-25-星期六 22:51:56->安全播出计时程序运行
2022-06-25-星期六 22:52:13->退出程序
2022-06-25-星期六 22:59:08->安全播出计时程序运行
2022-06-25-星期六 22:59:09->安全播出计时程序运行
2022-06-25-星期六 23:03:34->退出程序
2022-06-25-星期六 23:03:44->安全播出计时程序运行
2022-06-25-星期六 23:03:44->安全播出计时程序运行
2022-06-25-星期六 23:03:58->退出程序
2022-06-25-星期六 23:04:06->安全播出计时程序运行
2022-06-25-星期六 23:04:06->安全播出计时程序运行
2022-06-25-星期六 23:04:21->退出程序
2022-06-25-星期六 23:07:31->安全播出计时程序运行
2022-06-25-星期六 23:07:31->安全播出计时程序运行
2022-06-25-星期六 23:08:05->退出程序
2022-06-25-星期六 23:08:34->安全播出计时程序运行
2022-06-25-星期六 23:08:34->安全播出计时程序运行
2022-06-25-星期六 23:08:50->退出程序
2022-06-25-星期六 23:09:03->安全播出计时程序运行
2022-06-25-星期六 23:09:04->安全播出计时程序运行
2022-06-25-星期六 23:09:29->退出程序
2022-06-25-星期六 23:13:42->安全播出计时程序运行
2022-06-25-星期六 23:13:42->安全播出计时程序运行
2022-06-25-星期六 23:14:16->退出程序
2022-06-25-星期六 23:16:41->安全播出计时程序运行
2022-06-25-星期六 23:16:41->安全播出计时程序运行
2022-06-25-星期六 23:18:19->退出程序
2022-06-25-星期六 23:20:04->安全播出计时程序运行
2022-06-25-星期六 23:20:05->安全播出计时程序运行
2022-06-25-星期六 23:20:20->退出程序
2022-06-25-星期六 23:22:18->安全播出计时程序运行
2022-06-25-星期六 23:22:19->安全播出计时程序运行
2022-06-25-星期六 23:22:24->开始时间 = 2022-06-25-星期六 23:22:20,主文本 = 安全播出无事故累计,计时精度 = 秒钟
2022-06-25-星期六 23:24:01->安全播出计时程序运行
2022-06-25-星期六 23:24:01->安全播出计时程序运行
2022-06-25-星期六 23:24:04->开始时间 = 2022-06-25-星期六 23:24:03,主文本 = 安全播出无事故累计,计时精度 = 秒钟
2022-06-25-星期六 23:24:52->安全播出计时程序运行
2022-06-25-星期六 23:24:53->安全播出计时程序运行
2022-06-25-星期六 23:24:57->开始时间 = 2022-06-25-星期六 23:24:54,主文本 = 安全播出无事故累计,计时精度 = 秒钟
2022-06-25-星期六 23:25:12->安全播出计时程序运行
2022-06-25-星期六 23:25:12->安全播出计时程序运行
2022-06-25-星期六 23:25:21->开始时间 = 2022-06-25-星期六 23:25:14,主文本 = 安全播出无事故累计,计时精度 = 秒钟
2022-06-25-星期六 23:25:40->安全播出计时程序运行
2022-06-25-星期六 23:25:40->安全播出计时程序运行
2022-06-25-星期六 23:25:43->开始时间 = 2022-06-25-星期六 23:25:41,主文本 = 安全播出无事故累计,计时精度 = 秒钟
2022-06-25-星期六 23:25:59->安全播出计时程序运行
2022-06-25-星期六 23:25:59->安全播出计时程序运行
2022-06-25-星期六 23:28:15->安全播出计时程序运行
2022-06-25-星期六 23:28:15->安全播出计时程序运行
2022-06-25-星期六 23:28:32->安全播出计时程序运行
2022-06-25-星期六 23:28:32->安全播出计时程序运行
2022-06-25-星期六 23:28:35->开始时间 = 2022-06-25-星期六 23:28:34,主文本 = 安全播出无事故累计,计时精度 = 秒钟
2022-06-25-星期六 23:28:57->开始时间 = 2022-06-25-星期六 23:28:34,主文本 = 安全播出无事故累计,计时精度 = 秒钟
2022-06-25-星期六 23:29:12->退出程序
2022-06-25-星期六 23:30:01->安全播出计时程序运行
2022-06-25-星期六 23:30:02->安全播出计时程序运行
2022-06-25-星期六 23:30:08->开始时间 = 2022-06-25-星期六 23:30:03,主文本 = 安全播出无事故累计,计时精度 = 秒钟
2022-06-25-星期六 23:31:15->安全播出计时程序运行
2022-06-25-星期六 23:31:16->安全播出计时程序运行
2022-06-25-星期六 23:31:28->开始时间 = 2022-06-25-星期六 23:31:17,主文本 = 安全播出无事故累计,计时精度 = 秒钟
2022-06-25-星期六 23:33:21->退出程序
2022-06-25-星期六 23:33:38->安全播出计时程序运行
2022-06-25-星期六 23:33:39->安全播出计时程序运行
2022-06-25-星期六 23:33:53->开始时间 = 2022-06-25-星期六 23:33:40,主文本 = 安全播出无事故累计,计时精度 = 秒钟
2022-06-25-星期六 23:34:15->开始时间 = 2022-06-25-星期六 23:33:40,主文本 = 安全播出无事故累计,计时精度 = 秒钟
2022-06-25-星期六 23:34:58->安全播出计时程序运行
2022-06-25-星期六 23:34:58->安全播出计时程序运行
2022-06-25-星期六 23:35:08->开始时间 = 2022-06-25-星期六 23:34:59,主文本 = 安全播出无事故累计,计时精度 = 秒钟
2022-06-25-星期六 23:35:21->开始时间 = 2022-06-25-星期六 23:34:59,主文本 = 安全播出无事故累计,计时精度 = 秒钟
2022-06-25-星期六 23:35:40->开始时间 = 2022-06-25-星期六 23:34:59,主文本 = 安全播出无事故累计,计时精度 = 秒钟
2022-06-25-星期六 23:36:01->开始时间 = 2022-06-25-星期六 23:34:59,主文本 = 安全播出无事故累计,计时精度 = 秒钟
2022-06-25-星期六 23:36:13->退出程序
